[INFO] Scanning for projects...
[INFO] 
[INFO] ----------------------< com.example:lms-backend >-----------------------
[INFO] Building lms-backend 0.0.1-SNAPSHOT
[INFO]   from pom.xml
[INFO] --------------------------------[ jar ]---------------------------------
[INFO] 
[INFO] --- resources:3.3.1:resources (default-resources) @ lms-backend ---
[INFO] Copying 1 resource from src\main\resources to target\classes
[INFO] Copying 0 resource from src\main\resources to target\classes
[INFO] 
[INFO] --- compiler:3.14.1:compile (default-compile) @ lms-backend ---
[INFO] Recompiling the module because of changed source code.
[INFO] Compiling 7 source files with javac [debug parameters release 17] to target\classes
[INFO] /C:/Users/jeeva/Desktop/lms-react/lms-backend/src/main/java/com/example/lms_backend/service/AIService.java: C:\Users\jeeva\Desktop\lms-react\lms-backend\src\main\java\com\example\lms_backend\service\AIService.java uses unchecked or unsafe operations.
[INFO] /C:/Users/jeeva/Desktop/lms-react/lms-backend/src/main/java/com/example/lms_backend/service/AIService.java: Recompile with -Xlint:unchecked for details.
[INFO] -------------------------------------------------------------
[ERROR] COMPILATION ERROR : 
[INFO] -------------------------------------------------------------
[ERROR] /C:/Users/jeeva/Desktop/lms-react/lms-backend/src/main/java/com/example/lms_backend/controller/AIController.java:[24,36] cannot find symbol
  symbol:   method checkVideoStatus(java.lang.String)
  location: variable aiService of type com.example.lms_backend.service.AIService
[INFO] 1 error
[INFO] -------------------------------------------------------------
[INFO] ------------------------------------------------------------------------
[INFO] BUILD FAILURE
[INFO] ------------------------------------------------------------------------
[INFO] Total time:  9.613 s
[INFO] Finished at: 2026-03-26T08:03:50+05:30
[INFO] ------------------------------------------------------------------------
[ERROR] Failed to execute goal org.apache.maven.plugins:maven-compiler-plugin:3.14.1:compile (default-compile) on project lms-backend: Compilation failure
[ERROR] /C:/Users/jeeva/Desktop/lms-react/lms-backend/src/main/java/com/example/lms_backend/controller/AIController.java:[24,36] cannot find symbol
[ERROR]   symbol:   method checkVideoStatus(java.lang.String)
[ERROR]   location: variable aiService of type com.example.lms_backend.service.AIService
[ERROR] 
[ERROR] -> [Help 1]
[ERROR] 
[ERROR] To see the full stack trace of the errors, re-run Maven with the -e switch.
[ERROR] Re-run Maven using the -X switch to enable full debug logging.
[ERROR] 
[ERROR] For more information about the errors and possible solutions, please read the following articles:
[ERROR] [Help 1] http://cwiki.apache.org/confluence/display/MAVEN/MojoFailureException
